INFO [2022-12-01 21:34:05] [[1]]
INFO [2022-12-01 21:34:05] vennlist
INFO [2022-12-01 21:34:05] 
INFO [2022-12-01 21:34:05] $height
INFO [2022-12-01 21:34:05] [1] 5
INFO [2022-12-01 21:34:05] 
INFO [2022-12-01 21:34:05] $width
INFO [2022-12-01 21:34:05] [1] 5
INFO [2022-12-01 21:34:05] 
INFO [2022-12-01 21:34:05] $filename
INFO [2022-12-01 21:34:05] NULL
INFO [2022-12-01 21:34:05] 
INFO [2022-12-01 21:34:05] $fill
INFO [2022-12-01 21:34:05] c("goldenrod", "darkorchid")
INFO [2022-12-01 21:34:05] 
INFO [2022-12-01 21:34:05] $cat.col
INFO [2022-12-01 21:34:05] c("goldenrod", "darkorchid")
INFO [2022-12-01 21:34:05] 
INFO [2022-12-01 21:34:05] $alpha
INFO [2022-12-01 21:34:05] [1] 0.85
INFO [2022-12-01 21:34:05] 
INFO [2022-12-01 21:34:05] $fontfamily
INFO [2022-12-01 21:34:05] [1] "serif"
INFO [2022-12-01 21:34:05] 
INFO [2022-12-01 21:34:05] $fontface
INFO [2022-12-01 21:34:05] [1] "bold"
INFO [2022-12-01 21:34:05] 
INFO [2022-12-01 21:34:05] $cex
INFO [2022-12-01 21:34:05] [1] 1.2
INFO [2022-12-01 21:34:05] 
INFO [2022-12-01 21:34:05] $cat.cex
INFO [2022-12-01 21:34:05] [1] 1.3
INFO [2022-12-01 21:34:05] 
INFO [2022-12-01 21:34:05] $cat.default.pos
INFO [2022-12-01 21:34:05] [1] "outer"
INFO [2022-12-01 21:34:05] 
INFO [2022-12-01 21:34:05] $cat.dist
INFO [2022-12-01 21:34:05] [1] 0.1
INFO [2022-12-01 21:34:05] 
INFO [2022-12-01 21:34:05] $margin
INFO [2022-12-01 21:34:05] [1] 0.1
INFO [2022-12-01 21:34:05] 
INFO [2022-12-01 21:34:05] $lwd
INFO [2022-12-01 21:34:05] [1] 3
INFO [2022-12-01 21:34:05] 
INFO [2022-12-01 21:34:05] $lty
INFO [2022-12-01 21:34:05] [1] "dotted"
INFO [2022-12-01 21:34:05] 
INFO [2022-12-01 21:34:05] $imagetype
INFO [2022-12-01 21:34:05] [1] "svg"
INFO [2022-12-01 21:34:05] 
