INFO [2022-11-24 11:51:03] [[1]]
INFO [2022-11-24 11:51:03] vennlist
INFO [2022-11-24 11:51:03] 
INFO [2022-11-24 11:51:03] $height
INFO [2022-11-24 11:51:03] [1] 5
INFO [2022-11-24 11:51:03] 
INFO [2022-11-24 11:51:03] $width
INFO [2022-11-24 11:51:03] [1] 5
INFO [2022-11-24 11:51:03] 
INFO [2022-11-24 11:51:03] $filename
INFO [2022-11-24 11:51:03] NULL
INFO [2022-11-24 11:51:03] 
INFO [2022-11-24 11:51:03] $fill
INFO [2022-11-24 11:51:03] c("goldenrod", "darkorchid")
INFO [2022-11-24 11:51:03] 
INFO [2022-11-24 11:51:03] $cat.col
INFO [2022-11-24 11:51:03] c("goldenrod", "darkorchid")
INFO [2022-11-24 11:51:03] 
INFO [2022-11-24 11:51:03] $alpha
INFO [2022-11-24 11:51:03] [1] 0.85
INFO [2022-11-24 11:51:03] 
INFO [2022-11-24 11:51:03] $fontfamily
INFO [2022-11-24 11:51:03] [1] "serif"
INFO [2022-11-24 11:51:03] 
INFO [2022-11-24 11:51:03] $fontface
INFO [2022-11-24 11:51:03] [1] "bold"
INFO [2022-11-24 11:51:03] 
INFO [2022-11-24 11:51:03] $cex
INFO [2022-11-24 11:51:03] [1] 1.2
INFO [2022-11-24 11:51:03] 
INFO [2022-11-24 11:51:03] $cat.cex
INFO [2022-11-24 11:51:03] [1] 1.3
INFO [2022-11-24 11:51:03] 
INFO [2022-11-24 11:51:03] $cat.default.pos
INFO [2022-11-24 11:51:03] [1] "outer"
INFO [2022-11-24 11:51:03] 
INFO [2022-11-24 11:51:03] $cat.dist
INFO [2022-11-24 11:51:03] [1] 0.1
INFO [2022-11-24 11:51:03] 
INFO [2022-11-24 11:51:03] $margin
INFO [2022-11-24 11:51:03] [1] 0.1
INFO [2022-11-24 11:51:03] 
INFO [2022-11-24 11:51:03] $lwd
INFO [2022-11-24 11:51:03] [1] 3
INFO [2022-11-24 11:51:03] 
INFO [2022-11-24 11:51:03] $lty
INFO [2022-11-24 11:51:03] [1] "dotted"
INFO [2022-11-24 11:51:03] 
INFO [2022-11-24 11:51:03] $imagetype
INFO [2022-11-24 11:51:03] [1] "svg"
INFO [2022-11-24 11:51:03] 
