INFO [2022-12-01 14:07:15] [[1]]
INFO [2022-12-01 14:07:15] vennlist
INFO [2022-12-01 14:07:15] 
INFO [2022-12-01 14:07:15] $height
INFO [2022-12-01 14:07:15] [1] 5
INFO [2022-12-01 14:07:15] 
INFO [2022-12-01 14:07:15] $width
INFO [2022-12-01 14:07:15] [1] 5
INFO [2022-12-01 14:07:15] 
INFO [2022-12-01 14:07:15] $filename
INFO [2022-12-01 14:07:15] NULL
INFO [2022-12-01 14:07:15] 
INFO [2022-12-01 14:07:15] $fill
INFO [2022-12-01 14:07:15] c("goldenrod", "darkorchid")
INFO [2022-12-01 14:07:15] 
INFO [2022-12-01 14:07:15] $cat.col
INFO [2022-12-01 14:07:15] c("goldenrod", "darkorchid")
INFO [2022-12-01 14:07:15] 
INFO [2022-12-01 14:07:15] $alpha
INFO [2022-12-01 14:07:15] [1] 0.85
INFO [2022-12-01 14:07:15] 
INFO [2022-12-01 14:07:15] $fontfamily
INFO [2022-12-01 14:07:15] [1] "serif"
INFO [2022-12-01 14:07:15] 
INFO [2022-12-01 14:07:15] $fontface
INFO [2022-12-01 14:07:15] [1] "bold"
INFO [2022-12-01 14:07:15] 
INFO [2022-12-01 14:07:15] $cex
INFO [2022-12-01 14:07:15] [1] 1.2
INFO [2022-12-01 14:07:15] 
INFO [2022-12-01 14:07:15] $cat.cex
INFO [2022-12-01 14:07:15] [1] 1.3
INFO [2022-12-01 14:07:15] 
INFO [2022-12-01 14:07:15] $cat.default.pos
INFO [2022-12-01 14:07:15] [1] "outer"
INFO [2022-12-01 14:07:15] 
INFO [2022-12-01 14:07:15] $cat.dist
INFO [2022-12-01 14:07:15] [1] 0.1
INFO [2022-12-01 14:07:15] 
INFO [2022-12-01 14:07:15] $margin
INFO [2022-12-01 14:07:15] [1] 0.1
INFO [2022-12-01 14:07:15] 
INFO [2022-12-01 14:07:15] $lwd
INFO [2022-12-01 14:07:15] [1] 3
INFO [2022-12-01 14:07:15] 
INFO [2022-12-01 14:07:15] $lty
INFO [2022-12-01 14:07:15] [1] "dotted"
INFO [2022-12-01 14:07:15] 
INFO [2022-12-01 14:07:15] $imagetype
INFO [2022-12-01 14:07:15] [1] "svg"
INFO [2022-12-01 14:07:15] 
