INFO [2022-11-24 12:59:44] [[1]]
INFO [2022-11-24 12:59:44] vennlist
INFO [2022-11-24 12:59:44] 
INFO [2022-11-24 12:59:44] $height
INFO [2022-11-24 12:59:44] [1] 5
INFO [2022-11-24 12:59:44] 
INFO [2022-11-24 12:59:44] $width
INFO [2022-11-24 12:59:44] [1] 5
INFO [2022-11-24 12:59:44] 
INFO [2022-11-24 12:59:44] $filename
INFO [2022-11-24 12:59:44] NULL
INFO [2022-11-24 12:59:44] 
INFO [2022-11-24 12:59:44] $fill
INFO [2022-11-24 12:59:44] c("goldenrod", "darkorchid")
INFO [2022-11-24 12:59:44] 
INFO [2022-11-24 12:59:44] $cat.col
INFO [2022-11-24 12:59:44] c("goldenrod", "darkorchid")
INFO [2022-11-24 12:59:44] 
INFO [2022-11-24 12:59:44] $alpha
INFO [2022-11-24 12:59:44] [1] 0.85
INFO [2022-11-24 12:59:44] 
INFO [2022-11-24 12:59:44] $fontfamily
INFO [2022-11-24 12:59:44] [1] "serif"
INFO [2022-11-24 12:59:44] 
INFO [2022-11-24 12:59:44] $fontface
INFO [2022-11-24 12:59:44] [1] "bold"
INFO [2022-11-24 12:59:44] 
INFO [2022-11-24 12:59:44] $cex
INFO [2022-11-24 12:59:44] [1] 1.2
INFO [2022-11-24 12:59:44] 
INFO [2022-11-24 12:59:44] $cat.cex
INFO [2022-11-24 12:59:44] [1] 1.3
INFO [2022-11-24 12:59:44] 
INFO [2022-11-24 12:59:44] $cat.default.pos
INFO [2022-11-24 12:59:44] [1] "outer"
INFO [2022-11-24 12:59:44] 
INFO [2022-11-24 12:59:44] $cat.dist
INFO [2022-11-24 12:59:44] [1] 0.1
INFO [2022-11-24 12:59:44] 
INFO [2022-11-24 12:59:44] $margin
INFO [2022-11-24 12:59:44] [1] 0.1
INFO [2022-11-24 12:59:44] 
INFO [2022-11-24 12:59:44] $lwd
INFO [2022-11-24 12:59:44] [1] 3
INFO [2022-11-24 12:59:44] 
INFO [2022-11-24 12:59:44] $lty
INFO [2022-11-24 12:59:44] [1] "dotted"
INFO [2022-11-24 12:59:44] 
INFO [2022-11-24 12:59:44] $imagetype
INFO [2022-11-24 12:59:44] [1] "svg"
INFO [2022-11-24 12:59:44] 
