INFO [2022-11-24 11:49:20] [[1]]
INFO [2022-11-24 11:49:20] vennlist
INFO [2022-11-24 11:49:20] 
INFO [2022-11-24 11:49:20] $height
INFO [2022-11-24 11:49:20] [1] 5
INFO [2022-11-24 11:49:20] 
INFO [2022-11-24 11:49:20] $width
INFO [2022-11-24 11:49:20] [1] 5
INFO [2022-11-24 11:49:20] 
INFO [2022-11-24 11:49:20] $filename
INFO [2022-11-24 11:49:20] NULL
INFO [2022-11-24 11:49:20] 
INFO [2022-11-24 11:49:20] $fill
INFO [2022-11-24 11:49:20] c("goldenrod", "darkorchid")
INFO [2022-11-24 11:49:20] 
INFO [2022-11-24 11:49:20] $cat.col
INFO [2022-11-24 11:49:20] c("goldenrod", "darkorchid")
INFO [2022-11-24 11:49:20] 
INFO [2022-11-24 11:49:20] $alpha
INFO [2022-11-24 11:49:20] [1] 0.85
INFO [2022-11-24 11:49:20] 
INFO [2022-11-24 11:49:20] $fontfamily
INFO [2022-11-24 11:49:20] [1] "serif"
INFO [2022-11-24 11:49:20] 
INFO [2022-11-24 11:49:20] $fontface
INFO [2022-11-24 11:49:20] [1] "bold"
INFO [2022-11-24 11:49:20] 
INFO [2022-11-24 11:49:20] $cex
INFO [2022-11-24 11:49:20] [1] 1.2
INFO [2022-11-24 11:49:20] 
INFO [2022-11-24 11:49:20] $cat.cex
INFO [2022-11-24 11:49:20] [1] 1.3
INFO [2022-11-24 11:49:20] 
INFO [2022-11-24 11:49:20] $cat.default.pos
INFO [2022-11-24 11:49:20] [1] "outer"
INFO [2022-11-24 11:49:20] 
INFO [2022-11-24 11:49:20] $cat.dist
INFO [2022-11-24 11:49:20] [1] 0.1
INFO [2022-11-24 11:49:20] 
INFO [2022-11-24 11:49:20] $margin
INFO [2022-11-24 11:49:20] [1] 0.1
INFO [2022-11-24 11:49:20] 
INFO [2022-11-24 11:49:20] $lwd
INFO [2022-11-24 11:49:20] [1] 3
INFO [2022-11-24 11:49:20] 
INFO [2022-11-24 11:49:20] $lty
INFO [2022-11-24 11:49:20] [1] "dotted"
INFO [2022-11-24 11:49:20] 
INFO [2022-11-24 11:49:20] $imagetype
INFO [2022-11-24 11:49:20] [1] "svg"
INFO [2022-11-24 11:49:20] 
