INFO [2022-12-01 21:36:14] [[1]]
INFO [2022-12-01 21:36:14] vennlist
INFO [2022-12-01 21:36:14] 
INFO [2022-12-01 21:36:14] $height
INFO [2022-12-01 21:36:14] [1] 5
INFO [2022-12-01 21:36:14] 
INFO [2022-12-01 21:36:14] $width
INFO [2022-12-01 21:36:14] [1] 5
INFO [2022-12-01 21:36:14] 
INFO [2022-12-01 21:36:14] $filename
INFO [2022-12-01 21:36:14] NULL
INFO [2022-12-01 21:36:14] 
INFO [2022-12-01 21:36:14] $fill
INFO [2022-12-01 21:36:14] c("goldenrod", "darkorchid")
INFO [2022-12-01 21:36:14] 
INFO [2022-12-01 21:36:14] $cat.col
INFO [2022-12-01 21:36:14] c("goldenrod", "darkorchid")
INFO [2022-12-01 21:36:14] 
INFO [2022-12-01 21:36:14] $alpha
INFO [2022-12-01 21:36:14] [1] 0.85
INFO [2022-12-01 21:36:14] 
INFO [2022-12-01 21:36:14] $fontfamily
INFO [2022-12-01 21:36:14] [1] "serif"
INFO [2022-12-01 21:36:14] 
INFO [2022-12-01 21:36:14] $fontface
INFO [2022-12-01 21:36:14] [1] "bold"
INFO [2022-12-01 21:36:14] 
INFO [2022-12-01 21:36:14] $cex
INFO [2022-12-01 21:36:14] [1] 1.2
INFO [2022-12-01 21:36:14] 
INFO [2022-12-01 21:36:14] $cat.cex
INFO [2022-12-01 21:36:14] [1] 1.3
INFO [2022-12-01 21:36:14] 
INFO [2022-12-01 21:36:14] $cat.default.pos
INFO [2022-12-01 21:36:14] [1] "outer"
INFO [2022-12-01 21:36:14] 
INFO [2022-12-01 21:36:14] $cat.dist
INFO [2022-12-01 21:36:14] [1] 0.1
INFO [2022-12-01 21:36:14] 
INFO [2022-12-01 21:36:14] $margin
INFO [2022-12-01 21:36:14] [1] 0.1
INFO [2022-12-01 21:36:14] 
INFO [2022-12-01 21:36:14] $lwd
INFO [2022-12-01 21:36:14] [1] 3
INFO [2022-12-01 21:36:14] 
INFO [2022-12-01 21:36:14] $lty
INFO [2022-12-01 21:36:14] [1] "dotted"
INFO [2022-12-01 21:36:14] 
INFO [2022-12-01 21:36:14] $imagetype
INFO [2022-12-01 21:36:14] [1] "svg"
INFO [2022-12-01 21:36:14] 
