INFO [2022-12-01 21:41:54] [[1]]
INFO [2022-12-01 21:41:54] vennlist
INFO [2022-12-01 21:41:54] 
INFO [2022-12-01 21:41:54] $height
INFO [2022-12-01 21:41:54] [1] 5
INFO [2022-12-01 21:41:54] 
INFO [2022-12-01 21:41:54] $width
INFO [2022-12-01 21:41:54] [1] 5
INFO [2022-12-01 21:41:54] 
INFO [2022-12-01 21:41:54] $filename
INFO [2022-12-01 21:41:54] NULL
INFO [2022-12-01 21:41:54] 
INFO [2022-12-01 21:41:54] $fill
INFO [2022-12-01 21:41:54] c("goldenrod", "darkorchid")
INFO [2022-12-01 21:41:54] 
INFO [2022-12-01 21:41:54] $cat.col
INFO [2022-12-01 21:41:54] c("goldenrod", "darkorchid")
INFO [2022-12-01 21:41:54] 
INFO [2022-12-01 21:41:54] $alpha
INFO [2022-12-01 21:41:54] [1] 0.85
INFO [2022-12-01 21:41:54] 
INFO [2022-12-01 21:41:54] $fontfamily
INFO [2022-12-01 21:41:54] [1] "serif"
INFO [2022-12-01 21:41:54] 
INFO [2022-12-01 21:41:54] $fontface
INFO [2022-12-01 21:41:54] [1] "bold"
INFO [2022-12-01 21:41:54] 
INFO [2022-12-01 21:41:54] $cex
INFO [2022-12-01 21:41:54] [1] 1.2
INFO [2022-12-01 21:41:54] 
INFO [2022-12-01 21:41:54] $cat.cex
INFO [2022-12-01 21:41:54] [1] 1.3
INFO [2022-12-01 21:41:54] 
INFO [2022-12-01 21:41:54] $cat.default.pos
INFO [2022-12-01 21:41:54] [1] "outer"
INFO [2022-12-01 21:41:54] 
INFO [2022-12-01 21:41:54] $cat.dist
INFO [2022-12-01 21:41:54] [1] 0.1
INFO [2022-12-01 21:41:54] 
INFO [2022-12-01 21:41:54] $margin
INFO [2022-12-01 21:41:54] [1] 0.1
INFO [2022-12-01 21:41:54] 
INFO [2022-12-01 21:41:54] $lwd
INFO [2022-12-01 21:41:54] [1] 3
INFO [2022-12-01 21:41:54] 
INFO [2022-12-01 21:41:54] $lty
INFO [2022-12-01 21:41:54] [1] "dotted"
INFO [2022-12-01 21:41:54] 
INFO [2022-12-01 21:41:54] $imagetype
INFO [2022-12-01 21:41:54] [1] "svg"
INFO [2022-12-01 21:41:54] 
