INFO [2022-11-24 12:40:36] [[1]]
INFO [2022-11-24 12:40:36] vennlist
INFO [2022-11-24 12:40:36] 
INFO [2022-11-24 12:40:36] $height
INFO [2022-11-24 12:40:36] [1] 5
INFO [2022-11-24 12:40:36] 
INFO [2022-11-24 12:40:36] $width
INFO [2022-11-24 12:40:36] [1] 5
INFO [2022-11-24 12:40:36] 
INFO [2022-11-24 12:40:36] $filename
INFO [2022-11-24 12:40:36] NULL
INFO [2022-11-24 12:40:36] 
INFO [2022-11-24 12:40:36] $fill
INFO [2022-11-24 12:40:36] c("goldenrod", "darkorchid")
INFO [2022-11-24 12:40:36] 
INFO [2022-11-24 12:40:36] $cat.col
INFO [2022-11-24 12:40:36] c("goldenrod", "darkorchid")
INFO [2022-11-24 12:40:36] 
INFO [2022-11-24 12:40:36] $alpha
INFO [2022-11-24 12:40:36] [1] 0.85
INFO [2022-11-24 12:40:36] 
INFO [2022-11-24 12:40:36] $fontfamily
INFO [2022-11-24 12:40:36] [1] "serif"
INFO [2022-11-24 12:40:36] 
INFO [2022-11-24 12:40:36] $fontface
INFO [2022-11-24 12:40:36] [1] "bold"
INFO [2022-11-24 12:40:36] 
INFO [2022-11-24 12:40:36] $cex
INFO [2022-11-24 12:40:36] [1] 1.2
INFO [2022-11-24 12:40:36] 
INFO [2022-11-24 12:40:36] $cat.cex
INFO [2022-11-24 12:40:36] [1] 1.3
INFO [2022-11-24 12:40:36] 
INFO [2022-11-24 12:40:36] $cat.default.pos
INFO [2022-11-24 12:40:36] [1] "outer"
INFO [2022-11-24 12:40:36] 
INFO [2022-11-24 12:40:36] $cat.dist
INFO [2022-11-24 12:40:36] [1] 0.1
INFO [2022-11-24 12:40:36] 
INFO [2022-11-24 12:40:36] $margin
INFO [2022-11-24 12:40:36] [1] 0.1
INFO [2022-11-24 12:40:36] 
INFO [2022-11-24 12:40:36] $lwd
INFO [2022-11-24 12:40:36] [1] 3
INFO [2022-11-24 12:40:36] 
INFO [2022-11-24 12:40:36] $lty
INFO [2022-11-24 12:40:36] [1] "dotted"
INFO [2022-11-24 12:40:36] 
INFO [2022-11-24 12:40:36] $imagetype
INFO [2022-11-24 12:40:36] [1] "svg"
INFO [2022-11-24 12:40:36] 
