INFO [2022-12-01 21:40:24] [[1]]
INFO [2022-12-01 21:40:24] vennlist
INFO [2022-12-01 21:40:24] 
INFO [2022-12-01 21:40:24] $height
INFO [2022-12-01 21:40:24] [1] 5
INFO [2022-12-01 21:40:24] 
INFO [2022-12-01 21:40:24] $width
INFO [2022-12-01 21:40:24] [1] 5
INFO [2022-12-01 21:40:24] 
INFO [2022-12-01 21:40:24] $filename
INFO [2022-12-01 21:40:24] NULL
INFO [2022-12-01 21:40:24] 
INFO [2022-12-01 21:40:24] $fill
INFO [2022-12-01 21:40:24] c("goldenrod", "darkorchid")
INFO [2022-12-01 21:40:24] 
INFO [2022-12-01 21:40:24] $cat.col
INFO [2022-12-01 21:40:24] c("goldenrod", "darkorchid")
INFO [2022-12-01 21:40:24] 
INFO [2022-12-01 21:40:24] $alpha
INFO [2022-12-01 21:40:24] [1] 0.85
INFO [2022-12-01 21:40:24] 
INFO [2022-12-01 21:40:24] $fontfamily
INFO [2022-12-01 21:40:24] [1] "serif"
INFO [2022-12-01 21:40:24] 
INFO [2022-12-01 21:40:24] $fontface
INFO [2022-12-01 21:40:24] [1] "bold"
INFO [2022-12-01 21:40:24] 
INFO [2022-12-01 21:40:24] $cex
INFO [2022-12-01 21:40:24] [1] 1.2
INFO [2022-12-01 21:40:24] 
INFO [2022-12-01 21:40:24] $cat.cex
INFO [2022-12-01 21:40:24] [1] 1.3
INFO [2022-12-01 21:40:24] 
INFO [2022-12-01 21:40:24] $cat.default.pos
INFO [2022-12-01 21:40:24] [1] "outer"
INFO [2022-12-01 21:40:24] 
INFO [2022-12-01 21:40:24] $cat.dist
INFO [2022-12-01 21:40:24] [1] 0.1
INFO [2022-12-01 21:40:24] 
INFO [2022-12-01 21:40:24] $margin
INFO [2022-12-01 21:40:24] [1] 0.1
INFO [2022-12-01 21:40:24] 
INFO [2022-12-01 21:40:24] $lwd
INFO [2022-12-01 21:40:24] [1] 3
INFO [2022-12-01 21:40:24] 
INFO [2022-12-01 21:40:24] $lty
INFO [2022-12-01 21:40:24] [1] "dotted"
INFO [2022-12-01 21:40:24] 
INFO [2022-12-01 21:40:24] $imagetype
INFO [2022-12-01 21:40:24] [1] "svg"
INFO [2022-12-01 21:40:24] 
