INFO [2022-12-01 21:38:18] [[1]]
INFO [2022-12-01 21:38:18] vennlist
INFO [2022-12-01 21:38:18] 
INFO [2022-12-01 21:38:18] $height
INFO [2022-12-01 21:38:18] [1] 5
INFO [2022-12-01 21:38:18] 
INFO [2022-12-01 21:38:18] $width
INFO [2022-12-01 21:38:18] [1] 5
INFO [2022-12-01 21:38:18] 
INFO [2022-12-01 21:38:18] $filename
INFO [2022-12-01 21:38:18] NULL
INFO [2022-12-01 21:38:18] 
INFO [2022-12-01 21:38:18] $fill
INFO [2022-12-01 21:38:18] c("goldenrod", "darkorchid")
INFO [2022-12-01 21:38:18] 
INFO [2022-12-01 21:38:18] $cat.col
INFO [2022-12-01 21:38:18] c("goldenrod", "darkorchid")
INFO [2022-12-01 21:38:18] 
INFO [2022-12-01 21:38:18] $alpha
INFO [2022-12-01 21:38:18] [1] 0.85
INFO [2022-12-01 21:38:18] 
INFO [2022-12-01 21:38:18] $fontfamily
INFO [2022-12-01 21:38:18] [1] "serif"
INFO [2022-12-01 21:38:18] 
INFO [2022-12-01 21:38:18] $fontface
INFO [2022-12-01 21:38:18] [1] "bold"
INFO [2022-12-01 21:38:18] 
INFO [2022-12-01 21:38:18] $cex
INFO [2022-12-01 21:38:18] [1] 1.2
INFO [2022-12-01 21:38:18] 
INFO [2022-12-01 21:38:18] $cat.cex
INFO [2022-12-01 21:38:18] [1] 1.3
INFO [2022-12-01 21:38:18] 
INFO [2022-12-01 21:38:18] $cat.default.pos
INFO [2022-12-01 21:38:18] [1] "outer"
INFO [2022-12-01 21:38:18] 
INFO [2022-12-01 21:38:18] $cat.dist
INFO [2022-12-01 21:38:18] [1] 0.1
INFO [2022-12-01 21:38:18] 
INFO [2022-12-01 21:38:18] $margin
INFO [2022-12-01 21:38:18] [1] 0.1
INFO [2022-12-01 21:38:18] 
INFO [2022-12-01 21:38:18] $lwd
INFO [2022-12-01 21:38:18] [1] 3
INFO [2022-12-01 21:38:18] 
INFO [2022-12-01 21:38:18] $lty
INFO [2022-12-01 21:38:18] [1] "dotted"
INFO [2022-12-01 21:38:18] 
INFO [2022-12-01 21:38:18] $imagetype
INFO [2022-12-01 21:38:18] [1] "svg"
INFO [2022-12-01 21:38:18] 
