INFO [2022-12-01 21:36:47] [[1]]
INFO [2022-12-01 21:36:47] vennlist
INFO [2022-12-01 21:36:47] 
INFO [2022-12-01 21:36:47] $height
INFO [2022-12-01 21:36:47] [1] 5
INFO [2022-12-01 21:36:47] 
INFO [2022-12-01 21:36:47] $width
INFO [2022-12-01 21:36:47] [1] 5
INFO [2022-12-01 21:36:47] 
INFO [2022-12-01 21:36:47] $filename
INFO [2022-12-01 21:36:47] NULL
INFO [2022-12-01 21:36:47] 
INFO [2022-12-01 21:36:47] $fill
INFO [2022-12-01 21:36:47] c("goldenrod", "darkorchid")
INFO [2022-12-01 21:36:47] 
INFO [2022-12-01 21:36:47] $cat.col
INFO [2022-12-01 21:36:47] c("goldenrod", "darkorchid")
INFO [2022-12-01 21:36:47] 
INFO [2022-12-01 21:36:47] $alpha
INFO [2022-12-01 21:36:47] [1] 0.85
INFO [2022-12-01 21:36:47] 
INFO [2022-12-01 21:36:47] $fontfamily
INFO [2022-12-01 21:36:47] [1] "serif"
INFO [2022-12-01 21:36:47] 
INFO [2022-12-01 21:36:47] $fontface
INFO [2022-12-01 21:36:47] [1] "bold"
INFO [2022-12-01 21:36:47] 
INFO [2022-12-01 21:36:47] $cex
INFO [2022-12-01 21:36:47] [1] 1.2
INFO [2022-12-01 21:36:47] 
INFO [2022-12-01 21:36:47] $cat.cex
INFO [2022-12-01 21:36:47] [1] 1.3
INFO [2022-12-01 21:36:47] 
INFO [2022-12-01 21:36:47] $cat.default.pos
INFO [2022-12-01 21:36:47] [1] "outer"
INFO [2022-12-01 21:36:47] 
INFO [2022-12-01 21:36:47] $cat.dist
INFO [2022-12-01 21:36:47] [1] 0.1
INFO [2022-12-01 21:36:47] 
INFO [2022-12-01 21:36:47] $margin
INFO [2022-12-01 21:36:47] [1] 0.1
INFO [2022-12-01 21:36:47] 
INFO [2022-12-01 21:36:47] $lwd
INFO [2022-12-01 21:36:47] [1] 3
INFO [2022-12-01 21:36:47] 
INFO [2022-12-01 21:36:47] $lty
INFO [2022-12-01 21:36:47] [1] "dotted"
INFO [2022-12-01 21:36:47] 
INFO [2022-12-01 21:36:47] $imagetype
INFO [2022-12-01 21:36:47] [1] "svg"
INFO [2022-12-01 21:36:47] 
