INFO [2022-12-01 14:18:17] [[1]]
INFO [2022-12-01 14:18:17] vennlist
INFO [2022-12-01 14:18:17] 
INFO [2022-12-01 14:18:17] $height
INFO [2022-12-01 14:18:17] [1] 5
INFO [2022-12-01 14:18:17] 
INFO [2022-12-01 14:18:17] $width
INFO [2022-12-01 14:18:17] [1] 5
INFO [2022-12-01 14:18:17] 
INFO [2022-12-01 14:18:17] $filename
INFO [2022-12-01 14:18:17] NULL
INFO [2022-12-01 14:18:17] 
INFO [2022-12-01 14:18:17] $fill
INFO [2022-12-01 14:18:17] c("goldenrod", "darkorchid")
INFO [2022-12-01 14:18:17] 
INFO [2022-12-01 14:18:17] $cat.col
INFO [2022-12-01 14:18:17] c("goldenrod", "darkorchid")
INFO [2022-12-01 14:18:17] 
INFO [2022-12-01 14:18:17] $alpha
INFO [2022-12-01 14:18:17] [1] 0.85
INFO [2022-12-01 14:18:17] 
INFO [2022-12-01 14:18:17] $fontfamily
INFO [2022-12-01 14:18:17] [1] "serif"
INFO [2022-12-01 14:18:17] 
INFO [2022-12-01 14:18:17] $fontface
INFO [2022-12-01 14:18:17] [1] "bold"
INFO [2022-12-01 14:18:17] 
INFO [2022-12-01 14:18:17] $cex
INFO [2022-12-01 14:18:17] [1] 1.2
INFO [2022-12-01 14:18:17] 
INFO [2022-12-01 14:18:17] $cat.cex
INFO [2022-12-01 14:18:17] [1] 1.3
INFO [2022-12-01 14:18:17] 
INFO [2022-12-01 14:18:17] $cat.default.pos
INFO [2022-12-01 14:18:17] [1] "outer"
INFO [2022-12-01 14:18:17] 
INFO [2022-12-01 14:18:17] $cat.dist
INFO [2022-12-01 14:18:17] [1] 0.1
INFO [2022-12-01 14:18:17] 
INFO [2022-12-01 14:18:17] $margin
INFO [2022-12-01 14:18:17] [1] 0.1
INFO [2022-12-01 14:18:17] 
INFO [2022-12-01 14:18:17] $lwd
INFO [2022-12-01 14:18:17] [1] 3
INFO [2022-12-01 14:18:17] 
INFO [2022-12-01 14:18:17] $lty
INFO [2022-12-01 14:18:17] [1] "dotted"
INFO [2022-12-01 14:18:17] 
INFO [2022-12-01 14:18:17] $imagetype
INFO [2022-12-01 14:18:17] [1] "svg"
INFO [2022-12-01 14:18:17] 
