INFO [2022-11-24 12:56:57] [[1]]
INFO [2022-11-24 12:56:57] vennlist
INFO [2022-11-24 12:56:57] 
INFO [2022-11-24 12:56:57] $height
INFO [2022-11-24 12:56:57] [1] 5
INFO [2022-11-24 12:56:57] 
INFO [2022-11-24 12:56:57] $width
INFO [2022-11-24 12:56:57] [1] 5
INFO [2022-11-24 12:56:57] 
INFO [2022-11-24 12:56:57] $filename
INFO [2022-11-24 12:56:57] NULL
INFO [2022-11-24 12:56:57] 
INFO [2022-11-24 12:56:57] $fill
INFO [2022-11-24 12:56:57] c("goldenrod", "darkorchid")
INFO [2022-11-24 12:56:57] 
INFO [2022-11-24 12:56:57] $cat.col
INFO [2022-11-24 12:56:57] c("goldenrod", "darkorchid")
INFO [2022-11-24 12:56:57] 
INFO [2022-11-24 12:56:57] $alpha
INFO [2022-11-24 12:56:57] [1] 0.85
INFO [2022-11-24 12:56:57] 
INFO [2022-11-24 12:56:57] $fontfamily
INFO [2022-11-24 12:56:57] [1] "serif"
INFO [2022-11-24 12:56:57] 
INFO [2022-11-24 12:56:57] $fontface
INFO [2022-11-24 12:56:57] [1] "bold"
INFO [2022-11-24 12:56:57] 
INFO [2022-11-24 12:56:57] $cex
INFO [2022-11-24 12:56:57] [1] 1.2
INFO [2022-11-24 12:56:57] 
INFO [2022-11-24 12:56:57] $cat.cex
INFO [2022-11-24 12:56:57] [1] 1.3
INFO [2022-11-24 12:56:57] 
INFO [2022-11-24 12:56:57] $cat.default.pos
INFO [2022-11-24 12:56:57] [1] "outer"
INFO [2022-11-24 12:56:57] 
INFO [2022-11-24 12:56:57] $cat.dist
INFO [2022-11-24 12:56:57] [1] 0.1
INFO [2022-11-24 12:56:57] 
INFO [2022-11-24 12:56:57] $margin
INFO [2022-11-24 12:56:57] [1] 0.1
INFO [2022-11-24 12:56:57] 
INFO [2022-11-24 12:56:57] $lwd
INFO [2022-11-24 12:56:57] [1] 3
INFO [2022-11-24 12:56:57] 
INFO [2022-11-24 12:56:57] $lty
INFO [2022-11-24 12:56:57] [1] "dotted"
INFO [2022-11-24 12:56:57] 
INFO [2022-11-24 12:56:57] $imagetype
INFO [2022-11-24 12:56:57] [1] "svg"
INFO [2022-11-24 12:56:57] 
